<?xml version="1.0" encoding="UTF-8"?>
<!-- Generated by org.testng.reporters.JUnitReportReporter -->
<testsuite hostname="Santhils-MacBook-Air.local" failures="0" tests="2" name="com.example.gamingcafe.AuthControllerTest" time="1.119" errors="0" timestamp="2023-05-07T02:37:15 IST" skipped="0">
  <testcase classname="com.example.gamingcafe.AuthControllerTest" name="CheckInValidGamerLogin" time="0.565"/>
  <system-out/>
  <testcase classname="com.example.gamingcafe.AuthControllerTest" name="CheckValidGamerLogin" time="0.554"/>
  <system-out/>
</testsuite> <!-- com.example.gamingcafe.AuthControllerTest -->
